<?xml version="1.0" encoding="UTF-8"?>
<coverage generated="1709755642362" clover="3.2.0">
  <project timestamp="1709755642362" name="All files">
    <metrics statements="1" coveredstatements="0" conditionals="0" coveredconditionals="0" methods="1" coveredmethods="0" elements="2" coveredelements="0" complexity="0" loc="1" ncloc="1" packages="1" files="1" classes="1"/>
    <file name="App.jsx" path="C:\Users\abiga\Desktop\PracticeCode\REactFromScratchv3\src\App.jsx">
      <metrics statements="1" coveredstatements="0" conditionals="0" coveredconditionals="0" methods="1" coveredmethods="0"/>
      <line num="5" count="0" type="stmt"/>
    </file>
  </project>
</coverage>
